<?xml version="1.0" encoding="UTF-8"?>
<!-- Generated by org.testng.reporters.JUnitReportReporter -->
<testsuite hostname="DESKTOP-HAIIK4K" failures="0" tests="1" name="TestCases.CheckoutTestCase" time="46.865" errors="0" timestamp="2025-09-27T08:37:27 IST" skipped="0">
  <testcase classname="TestCases.CheckoutTestCase" name="checkoutcase" time="46.865"/>
</testsuite> <!-- TestCases.CheckoutTestCase -->
